\BOOKMARK [-1][-]{part.1}{\376\377\000I\000\040\000D\000e\000s\000c\000r\000i\000p\000t\000i\000o\000n\000\040\000a\000n\000d\000\040\000T\000e\000c\000h\000n\000i\000c\000a\000l\000\040\000D\000o\000c\000u\000m\000e\000n\000t\000a\000t\000i\000o\000n}{}% 1
\BOOKMARK [0][-]{chapter.1}{\376\377\000P\000r\000o\000j\000e\000c\000t}{part.1}% 2
\BOOKMARK [1][-]{section.1.1}{\376\377\000I\000n\000t\000r\000o\000d\000u\000c\000t\000i\000o\000n}{chapter.1}% 3
\BOOKMARK [2][-]{subsection.1.1.1}{\376\377\000P\000u\000r\000p\000o\000s\000e}{section.1.1}% 4
\BOOKMARK [2][-]{subsection.1.1.2}{\376\377\000S\000c\000o\000p\000e}{section.1.1}% 5
\BOOKMARK [1][-]{section.1.2}{\376\377\000S\000o\000f\000t\000w\000a\000r\000e\000\040\000R\000e\000q\000u\000i\000r\000e\000m\000e\000n\000t\000s}{chapter.1}% 6
\BOOKMARK [2][-]{subsection.1.2.1}{\376\377\000A\000n\000a\000l\000y\000s\000i\000s}{section.1.2}% 7
\BOOKMARK [1][-]{section.1.3}{\376\377\000S\000o\000f\000t\000w\000a\000r\000e\000\040\000D\000e\000v\000e\000l\000o\000p\000e\000m\000e\000n\000t\000\040\000P\000r\000o\000c\000e\000s\000s}{chapter.1}% 8
\BOOKMARK [2][-]{subsection.1.3.1}{\376\377\000D\000e\000v\000e\000l\000o\000p\000e\000m\000e\000n\000t\000\040\000P\000r\000o\000c\000e\000s\000s\000\040\000D\000e\000s\000c\000r\000i\000p\000t\000i\000o\000n}{section.1.3}% 9
\BOOKMARK [2][-]{subsection.1.3.2}{\376\377\000W\000e\000e\000k\000l\000y\000\040\000L\000o\000g}{section.1.3}% 10
\BOOKMARK [2][-]{subsection.1.3.3}{\376\377\000G\000i\000t\000\040\000C\000o\000m\000m\000i\000t\000m\000e\000n\000t\000s}{section.1.3}% 11
\BOOKMARK [0][-]{chapter.2}{\376\377\000L\000a\000n\000g\000u\000a\000g\000e}{part.1}% 12
\BOOKMARK [1][-]{section.2.1}{\376\377\000G\000e\000n\000e\000r\000a\000l\000\040\000O\000v\000e\000r\000v\000i\000e\000w}{chapter.2}% 13
\BOOKMARK [2][-]{subsection.2.1.1}{\376\377\000L\000a\000n\000g\000u\000a\000g\000e\000\040\000N\000a\000m\000e}{section.2.1}% 14
\BOOKMARK [2][-]{subsection.2.1.2}{\376\377\000M\000a\000i\000n\000\040\000F\000e\000a\000t\000u\000r\000e\000s\000\040\000D\000e\000s\000c\000r\000i\000p\000t\000i\000o\000n}{section.2.1}% 15
\BOOKMARK [1][-]{section.2.2}{\376\377\000L\000a\000n\000g\000u\000a\000g\000e\000\040\000E\000r\000r\000o\000r\000s}{chapter.2}% 16
\BOOKMARK [2][-]{subsection.2.2.1}{\376\377\000C\000o\000m\000p\000i\000l\000e\000-\000T\000i\000m\000e\000\040\000E\000r\000r\000o\000r\000s}{section.2.2}% 17
\BOOKMARK [2][-]{subsection.2.2.2}{\376\377\000R\000u\000n\000-\000T\000i\000m\000e\000\040\000E\000r\000r\000o\000r\000s}{section.2.2}% 18
\BOOKMARK [0][-]{chapter.3}{\376\377\000C\000o\000m\000p\000i\000l\000e\000r}{part.1}% 19
\BOOKMARK [1][-]{section.3.1}{\376\377\000D\000e\000v\000e\000l\000o\000p\000m\000e\000n\000t\000\040\000E\000n\000v\000i\000r\000o\000n\000m\000e\000n\000t}{chapter.3}% 20
\BOOKMARK [1][-]{section.3.2}{\376\377\000L\000e\000x\000i\000c\000a\000l\000\040\000A\000n\000a\000l\000i\000s\000i\000s}{chapter.3}% 21
\BOOKMARK [1][-]{section.3.3}{\376\377\000S\000y\000n\000t\000a\000c\000t\000i\000c\000a\000l\000\040\000A\000n\000a\000l\000i\000s\000i\000s}{chapter.3}% 22
\BOOKMARK [1][-]{section.3.4}{\376\377\000I\000R\000\040\000C\000o\000d\000e\000\040\000a\000n\000d\000\040\000S\000e\000m\000a\000n\000t\000i\000c\000\040\000A\000n\000a\000l\000i\000s\000i\000s}{chapter.3}% 23
\BOOKMARK [2][-]{subsection.3.4.1}{\376\377\000O\000p\000e\000r\000a\000t\000i\000o\000n\000\040\000C\000o\000d\000e}{section.3.4}% 24
\BOOKMARK [2][-]{subsection.3.4.2}{\376\377\000V\000i\000r\000t\000u\000a\000l\000\040\000A\000d\000d\000r\000e\000s\000s\000e\000s}{section.3.4}% 25
\BOOKMARK [2][-]{subsection.3.4.3}{\376\377\000S\000y\000n\000t\000a\000x\000\040\000D\000i\000a\000g\000r\000a\000m\000s\000\040\000w\000i\000t\000h\000\040\000a\000c\000t\000i\000o\000n\000s}{section.3.4}% 26
\BOOKMARK [2][-]{subsection.3.4.4}{\376\377\000S\000e\000m\000a\000n\000t\000i\000c\000\040\000C\000o\000n\000s\000i\000d\000e\000r\000a\000t\000i\000o\000n\000\040\000T\000a\000b\000l\000e}{section.3.4}% 27
\BOOKMARK [1][-]{section.3.5}{\376\377\000M\000e\000m\000o\000r\000y\000\040\000M\000a\000n\000a\000g\000e\000m\000e\000n\000t}{chapter.3}% 28
\BOOKMARK [0][-]{chapter.4}{\376\377\000V\000i\000r\000t\000u\000a\000l\000\040\000M\000a\000c\000h\000i\000n\000e}{part.1}% 29
\BOOKMARK [1][-]{section.4.1}{\376\377\000D\000e\000v\000e\000l\000o\000p\000m\000e\000n\000t\000\040\000E\000n\000v\000i\000r\000o\000n\000m\000e\000n\000t}{chapter.4}% 30
\BOOKMARK [1][-]{section.4.2}{\376\377\000M\000e\000m\000o\000r\000y\000\040\000M\000a\000n\000a\000g\000e\000m\000e\000n\000t}{chapter.4}% 31
\BOOKMARK [2][-]{subsection.4.2.1}{\376\377\000A\000r\000c\000h\000i\000t\000e\000c\000t\000u\000r\000e}{section.4.2}% 32
\BOOKMARK [2][-]{subsection.4.2.2}{\376\377\000D\000a\000t\000a\000\040\000S\000t\000r\000u\000c\000t\000u\000r\000e\000s}{section.4.2}% 33
\BOOKMARK [2][-]{subsection.4.2.3}{\376\377\000V\000i\000r\000t\000u\000a\000l\000\040\000A\000d\000d\000r\000e\000s\000s\000\040\000T\000r\000a\000n\000s\000l\000a\000t\000i\000o\000n}{section.4.2}% 34
\BOOKMARK [0][-]{chapter.5}{\376\377\000C\000o\000d\000e\000\040\000D\000o\000c\000u\000m\000e\000n\000t\000a\000t\000i\000o\000n}{part.1}% 35
\BOOKMARK [1][-]{section.5.1}{\376\377\000M\000o\000d\000u\000l\000e\000s\000\040\000D\000e\000s\000c\000r\000i\000p\000t\000i\000o\000n}{chapter.5}% 36
\BOOKMARK [-1][-]{part.2}{\376\377\000I\000I\000\040\000U\000s\000e\000r\000\040\000M\000a\000n\000u\000a\000l}{}% 37
\BOOKMARK [0][-]{chapter.6}{\376\377\000Q\000u\000i\000c\000k\000\040\000R\000e\000f\000e\000r\000e\000n\000c\000e}{part.2}% 38
\BOOKMARK [1][-]{section.6.1}{\376\377\000E\000n\000v\000i\000r\000o\000m\000e\000n\000t\000\040\000S\000e\000t\000u\000p}{chapter.6}% 39
\BOOKMARK [1][-]{section.6.2}{\376\377\000V\000a\000r\000i\000a\000b\000l\000e\000s}{chapter.6}% 40
\BOOKMARK [1][-]{section.6.3}{\376\377\000S\000t\000a\000t\000e\000m\000e\000n\000t\000s}{chapter.6}% 41
\BOOKMARK [2][-]{subsection.6.3.1}{\376\377\000A\000s\000s\000i\000g\000n\000m\000e\000n\000t\000s}{section.6.3}% 42
\BOOKMARK [2][-]{subsection.6.3.2}{\376\377\000A\000r\000i\000t\000h\000m\000e\000t\000i\000c\000\040\000E\000x\000p\000r\000e\000s\000s\000i\000o\000n\000s}{section.6.3}% 43
\BOOKMARK [2][-]{subsection.6.3.3}{\376\377\000O\000p\000e\000r\000a\000t\000o\000r\000\040\000P\000r\000e\000c\000e\000d\000e\000n\000c\000e\000\040\000a\000n\000d\000\040\000A\000s\000s\000o\000c\000i\000a\000t\000i\000v\000i\000t\000y}{section.6.3}% 44
\BOOKMARK [1][-]{section.6.4}{\376\377\000C\000o\000n\000d\000i\000t\000i\000o\000n\000a\000l\000\040\000S\000t\000a\000t\000e\000m\000e\000n\000t\000s}{chapter.6}% 45
\BOOKMARK [1][-]{section.6.5}{\376\377\000L\000o\000o\000p\000\040\000S\000t\000a\000t\000e\000m\000e\000n\000t\000s}{chapter.6}% 46
\BOOKMARK [2][-]{subsection.6.5.1}{\376\377\000I\000n\000f\000i\000n\000i\000t\000e\000\040\000L\000o\000o\000p}{section.6.5}% 47
\BOOKMARK [2][-]{subsection.6.5.2}{\376\377\000W\000h\000i\000l\000e\000\040\000L\000o\000o\000p}{section.6.5}% 48
\BOOKMARK [2][-]{subsection.6.5.3}{\376\377\000F\000o\000r\000\040\000L\000o\000o\000p}{section.6.5}% 49
\BOOKMARK [2][-]{subsection.6.5.4}{\376\377\000D\000o\000\040\000W\000h\000i\000l\000e\000\040\000L\000o\000o\000p}{section.6.5}% 50
\BOOKMARK [2][-]{subsection.6.5.5}{\376\377\000C\000o\000n\000t\000r\000o\000l\000\040\000F\000l\000o\000w\000\040\000S\000t\000a\000t\000e\000m\000e\000n\000t\000s}{section.6.5}% 51
\BOOKMARK [1][-]{section.6.6}{\376\377\000P\000r\000o\000c\000e\000d\000u\000r\000e\000s}{chapter.6}% 52
\BOOKMARK [1][-]{section.6.7}{\376\377\000T\000e\000n\000s\000o\000r\000i\000a\000l\000\040\000T\000y\000p\000e\000s}{chapter.6}% 53
\BOOKMARK [1][-]{section.6.8}{\376\377\000B\000u\000i\000l\000t\000-\000i\000n\000\040\000P\000r\000o\000c\000e\000d\000u\000r\000e\000s}{chapter.6}% 54
