This is pdfTeX, Version 3.141592653-2.6-1.40.22 (TeX Live 2021) (preloaded format=pdflatex 2021.4.5)  16 NOV 2021 11:38
entering extended mode
 restricted \write18 enabled.
 %&-line parsing enabled.
**final_doc.tex
(./final_doc.tex
LaTeX2e <2020-10-01> patch level 4
L3 programming layer <2021-02-18>
(/usr/local/texlive/2021/texmf-dist/tex/latex/base/report.cls
Document Class: report 2020/04/10 v1.4m Standard LaTeX document class
(/usr/local/texlive/2021/texmf-dist/tex/latex/base/size10.clo
File: size10.clo 2020/04/10 v1.4m Standard LaTeX file (size option)
)
\c@part=\count179
\c@chapter=\count180
\c@section=\count181
\c@subsection=\count182
\c@subsubsection=\count183
\c@paragraph=\count184
\c@subparagraph=\count185
\c@figure=\count186
\c@table=\count187
\abovecaptionskip=\skip47
\belowcaptionskip=\skip48
\bibindent=\dimen138
)
(/usr/local/texlive/2021/texmf-dist/tex/latex/base/fontenc.sty
Package: fontenc 2020/08/10 v2.0s Standard LaTeX package
)
(/usr/local/texlive/2021/texmf-dist/tex/latex/tools/array.sty
Package: array 2020/10/01 v2.5c Tabular extension package (FMi)
\col@sep=\dimen139
\ar@mcellbox=\box47
\extrarowheight=\dimen140
\NC@list=\toks15
\extratabsurround=\skip49
\backup@length=\skip50
\ar@cellbox=\box48
)
(/usr/local/texlive/2021/texmf-dist/tex/latex/booktabs/booktabs.sty
Package: booktabs 2020/01/12 v1.61803398 Publication quality tables
\heavyrulewidth=\dimen141
\lightrulewidth=\dimen142
\cmidrulewidth=\dimen143
\belowrulesep=\dimen144
\belowbottomsep=\dimen145
\aboverulesep=\dimen146
\abovetopsep=\dimen147
\cmidrulesep=\dimen148
\cmidrulekern=\dimen149
\defaultaddspace=\dimen150
\@cmidla=\count188
\@cmidlb=\count189
\@aboverulesep=\dimen151
\@belowrulesep=\dimen152
\@thisruleclass=\count190
\@lastruleclass=\count191
\@thisrulewidth=\dimen153
)
(/usr/local/texlive/2021/texmf-dist/tex/latex/l3backend/l3backend-pdftex.def
File: l3backend-pdftex.def 2021-03-18 L3 backend support: PDF output (pdfTeX)
\l__color_backend_stack_int=\count192
\l__pdf_internal_box=\box49
)
(./final_doc.aux (./ch1_project.aux) (./ch2_language.aux) (./ch3_compiler.aux)
(./ch4_vmachine.aux) (./ch5_execution.aux) (./ch6_code.aux)
(./ch7_reference.aux))
\openout1 = `final_doc.aux'.

LaTeX Font Info:    Checking defaults for OML/cmm/m/it on input line 10.
LaTeX Font Info:    ... okay on input line 10.
LaTeX Font Info:    Checking defaults for OMS/cmsy/m/n on input line 10.
LaTeX Font Info:    ... okay on input line 10.
LaTeX Font Info:    Checking defaults for OT1/cmr/m/n on input line 10.
LaTeX Font Info:    ... okay on input line 10.
LaTeX Font Info:    Checking defaults for T1/cmr/m/n on input line 10.
LaTeX Font Info:    ... okay on input line 10.
LaTeX Font Info:    Checking defaults for TS1/cmr/m/n on input line 10.
LaTeX Font Info:    ... okay on input line 10.
LaTeX Font Info:    Checking defaults for OMX/cmex/m/n on input line 10.
LaTeX Font Info:    ... okay on input line 10.
LaTeX Font Info:    Checking defaults for U/cmr/m/n on input line 10.
LaTeX Font Info:    ... okay on input line 10.
LaTeX Font Info:    External font `cmex10' loaded for size
(Font)              <12> on input line 11.
LaTeX Font Info:    External font `cmex10' loaded for size
(Font)              <8> on input line 11.
LaTeX Font Info:    External font `cmex10' loaded for size
(Font)              <6> on input line 11.
 [1

{/usr/local/texlive/2021/texmf-var/fonts/map/pdftex/updmap/pdftex.map}] (./fina
l_doc.toc
LaTeX Font Info:    External font `cmex10' loaded for size
(Font)              <7> on input line 3.
LaTeX Font Info:    External font `cmex10' loaded for size
(Font)              <5> on input line 3.
 [1

])
\tf@toc=\write3
\openout3 = `final_doc.toc'.

 [2] [3

]
\openout2 = `ch1_project.aux'.

 (./ch1_project.tex
Chapter 1.
[4


] [5]) [6]
\openout2 = `ch2_language.aux'.

 (./ch2_language.tex
Chapter 2.
LaTeX Font Info:    Trying to load font information for T1+cmtt on input line 1
9.
(/usr/local/texlive/2021/texmf-dist/tex/latex/base/t1cmtt.fd
File: t1cmtt.fd 2019/12/16 v2.5j Standard LaTeX font definitions
)) [7




]
\openout2 = `ch3_compiler.aux'.


(./ch3_compiler.tex
Chapter 3.
) [8




]
\openout2 = `ch4_vmachine.aux'.

 (./ch4_vmachine.tex
Chapter 4.
) [9




]
\openout2 = `ch5_execution.aux'.

 (./ch5_execution.tex
Chapter 5.
) [10




]
\openout2 = `ch6_code.aux'.

 (./ch6_code.tex
Chapter 6.
) [11




] [12



]
\openout2 = `ch7_reference.aux'.

 (./ch7_reference.tex
Chapter 7.
) [13


] (./final_doc.aux (./ch1_project.aux) (./ch2_language.aux)
(./ch3_compiler.aux) (./ch4_vmachine.aux) (./ch5_execution.aux) (./ch6_code.aux
) (./ch7_reference.aux)) ) 
Here is how much of TeX's memory you used:
 866 strings out of 478994
 12377 string characters out of 5858185
 301965 words of memory out of 5000000
 18348 multiletter control sequences out of 15000+600000
 414965 words of font info for 48 fonts, out of 8000000 for 9000
 1141 hyphenation exceptions out of 8191
 44i,9n,50p,238b,216s stack positions out of 5000i,500n,10000p,200000b,80000s
{/usr/local/texlive/2021/texmf-dist/fonts/enc/dvips/c
m-super/cm-super-t1.enc}</usr/local/texlive/2021/texmf-dist/fonts/type1/public/
cm-super/sfbx1000.pfb></usr/local/texlive/2021/texmf-dist/fonts/type1/public/cm
-super/sfbx1200.pfb></usr/local/texlive/2021/texmf-dist/fonts/type1/public/cm-s
uper/sfbx1440.pfb></usr/local/texlive/2021/texmf-dist/fonts/type1/public/cm-sup
er/sfbx2074.pfb></usr/local/texlive/2021/texmf-dist/fonts/type1/public/cm-super
/sfbx2488.pfb></usr/local/texlive/2021/texmf-dist/fonts/type1/public/cm-super/s
frm1000.pfb></usr/local/texlive/2021/texmf-dist/fonts/type1/public/cm-super/sfr
m1200.pfb></usr/local/texlive/2021/texmf-dist/fonts/type1/public/cm-super/sfrm1
728.pfb></usr/local/texlive/2021/texmf-dist/fonts/type1/public/cm-super/sftt100
0.pfb>
Output written on final_doc.pdf (14 pages, 171163 bytes).
PDF statistics:
 87 PDF objects out of 1000 (max. 8388607)
 61 compressed objects within 1 object stream
 0 named destinations out of 1000 (max. 500000)
 1 words of extra memory for PDF output out of 10000 (max. 10000000)

